  [1m[35m (160.6ms)[0m  [1m[35mCREATE DATABASE "dl_development" ENCODING = 'unicode'[0m
  [1m[35m (93.1ms)[0m  [1m[35mCREATE DATABASE "dl_test" ENCODING = 'unicode'[0m
  [1m[35m (23.2ms)[0m  [1m[35mCREATE TABLE "schema_migrations" ("version" character varying NOT NULL PRIMARY KEY)[0m
  [1m[35m (7.2ms)[0m  [1m[35mCREATE TABLE "ar_internal_metadata" ("key" character varying NOT NULL PRIMARY KEY, "value" character varying, "created_at" timestamp(6) NOT NULL, "updated_at" timestamp(6) NOT NULL)[0m
  [1m[35m (0.1ms)[0m  [1m[34mSELECT pg_try_advisory_lock(1834174786020545535)[0m
  [1m[36mActiveRecord::SchemaMigration Pluck (0.2ms)[0m  [1m[34mSELECT "schema_migrations"."version" FROM "schema_migrations" ORDER BY "schema_migrations"."version" ASC[0m
  [1m[36mActiveRecord::InternalMetadata Load (0.2ms)[0m  [1m[34mSELECT "ar_internal_metadata".* FROM "ar_internal_metadata" WHERE "ar_internal_metadata"."key" = $1 LIMIT $2[0m  [["key", "environment"], ["LIMIT", 1]]
  [1m[36mTRANSACTION (0.1ms)[0m  [1m[35mBEGIN[0m
  [1m[36mActiveRecord::InternalMetadata Create (0.3ms)[0m  [1m[32mINSERT INTO "ar_internal_metadata" ("key", "value", "created_at", "updated_at") VALUES ($1, $2, $3, $4) RETURNING "key"[0m  [["key", "environment"], ["value", "development"], ["created_at", "2023-02-21 07:19:14.119027"], ["updated_at", "2023-02-21 07:19:14.119027"]]
  [1m[36mTRANSACTION (1.4ms)[0m  [1m[35mCOMMIT[0m
  [1m[35m (0.2ms)[0m  [1m[34mSELECT pg_advisory_unlock(1834174786020545535)[0m
  [1m[36mActiveRecord::SchemaMigration Pluck (0.3ms)[0m  [1m[34mSELECT "schema_migrations"."version" FROM "schema_migrations" ORDER BY "schema_migrations"."version" ASC[0m
  [1m[35m (0.1ms)[0m  [1m[34mSELECT pg_try_advisory_lock(1834174786020545535)[0m
  [1m[36mActiveRecord::SchemaMigration Pluck (0.3ms)[0m  [1m[34mSELECT "schema_migrations"."version" FROM "schema_migrations" ORDER BY "schema_migrations"."version" ASC[0m
Migrating to CreateDownloadRequests (20230221071941)
  [1m[36mTRANSACTION (0.1ms)[0m  [1m[35mBEGIN[0m
  [1m[35m (7.4ms)[0m  [1m[35mCREATE TABLE "download_requests" ("id" bigserial primary key, "path" character varying, "created_at" timestamp(6) NOT NULL, "updated_at" timestamp(6) NOT NULL)[0m
  [1m[36mActiveRecord::SchemaMigration Create (0.2ms)[0m  [1m[32mINSERT INTO "schema_migrations" ("version") VALUES ($1) RETURNING "version"[0m  [["version", "20230221071941"]]
  [1m[36mTRANSACTION (1.6ms)[0m  [1m[35mCOMMIT[0m
  [1m[36mActiveRecord::InternalMetadata Load (0.2ms)[0m  [1m[34mSELECT "ar_internal_metadata".* FROM "ar_internal_metadata" WHERE "ar_internal_metadata"."key" = $1 LIMIT $2[0m  [["key", "environment"], ["LIMIT", 1]]
  [1m[35m (0.2ms)[0m  [1m[34mSELECT pg_advisory_unlock(1834174786020545535)[0m
  [1m[36mActiveRecord::SchemaMigration Pluck (0.3ms)[0m  [1m[34mSELECT "schema_migrations"."version" FROM "schema_migrations" ORDER BY "schema_migrations"."version" ASC[0m
  [1m[36mDownloadRequest Load (0.4ms)[0m  [1m[34mSELECT "download_requests".* FROM "download_requests"[0m
  [1m[35m (0.1ms)[0m  [1m[34mSELECT pg_try_advisory_lock(1834174786020545535)[0m
  [1m[36mActiveRecord::SchemaMigration Pluck (0.3ms)[0m  [1m[34mSELECT "schema_migrations"."version" FROM "schema_migrations" ORDER BY "schema_migrations"."version" ASC[0m
Migrating to UpdateDownloadRequests (20230221072315)
  [1m[36mTRANSACTION (0.1ms)[0m  [1m[35mBEGIN[0m
  [1m[35m (0.2ms)[0m  [1m[35mALTER TABLE "download_requests" ADD "url" character varying[0m
  [1m[36mActiveRecord::SchemaMigration Create (0.2ms)[0m  [1m[32mINSERT INTO "schema_migrations" ("version") VALUES ($1) RETURNING "version"[0m  [["version", "20230221072315"]]
  [1m[36mTRANSACTION (15.6ms)[0m  [1m[35mCOMMIT[0m
  [1m[36mActiveRecord::InternalMetadata Load (0.2ms)[0m  [1m[34mSELECT "ar_internal_metadata".* FROM "ar_internal_metadata" WHERE "ar_internal_metadata"."key" = $1 LIMIT $2[0m  [["key", "environment"], ["LIMIT", 1]]
  [1m[35m (0.2ms)[0m  [1m[34mSELECT pg_advisory_unlock(1834174786020545535)[0m
  [1m[36mActiveRecord::SchemaMigration Pluck (0.3ms)[0m  [1m[34mSELECT "schema_migrations"."version" FROM "schema_migrations" ORDER BY "schema_migrations"."version" ASC[0m
  [1m[36mTRANSACTION (0.2ms)[0m  [1m[35mBEGIN[0m
  [1m[36mDownloadRequest Create (0.4ms)[0m  [1m[32mINSERT INTO "download_requests" ("path", "created_at", "updated_at", "url") VALUES ($1, $2, $3, $4) RETURNING "id"[0m  [["path", nil], ["created_at", "2023-02-21 07:24:54.202877"], ["updated_at", "2023-02-21 07:24:54.202877"], ["url", "https://www.youtube.com/shorts/uItBmwWt8eo"]]
  [1m[36mTRANSACTION (2.4ms)[0m  [1m[35mCOMMIT[0m
  [1m[35m (0.1ms)[0m  [1m[34mSELECT pg_try_advisory_lock(1834174786020545535)[0m
  [1m[36mActiveRecord::SchemaMigration Pluck (0.3ms)[0m  [1m[34mSELECT "schema_migrations"."version" FROM "schema_migrations" ORDER BY "schema_migrations"."version" ASC[0m
Migrating to CreateDownloadRequestExecutions (20230221072800)
  [1m[36mTRANSACTION (0.1ms)[0m  [1m[35mBEGIN[0m
  [1m[35m (8.1ms)[0m  [1m[35mCREATE TABLE "download_request_executions" ("id" bigserial primary key, "download_requests_id" bigint NOT NULL, "status" character varying, "created_at" timestamp(6) NOT NULL, "updated_at" timestamp(6) NOT NULL, CONSTRAINT "fk_rails_91356696e4"
FOREIGN KEY ("download_requests_id")
  REFERENCES "download_requests" ("id")
)[0m
  [1m[35m (2.9ms)[0m  [1m[35mCREATE INDEX "index_download_request_executions_on_download_requests_id" ON "download_request_executions" ("download_requests_id")[0m
  [1m[36mActiveRecord::SchemaMigration Create (0.2ms)[0m  [1m[32mINSERT INTO "schema_migrations" ("version") VALUES ($1) RETURNING "version"[0m  [["version", "20230221072800"]]
  [1m[36mTRANSACTION (1.5ms)[0m  [1m[35mCOMMIT[0m
  [1m[36mActiveRecord::InternalMetadata Load (0.2ms)[0m  [1m[34mSELECT "ar_internal_metadata".* FROM "ar_internal_metadata" WHERE "ar_internal_metadata"."key" = $1 LIMIT $2[0m  [["key", "environment"], ["LIMIT", 1]]
  [1m[35m (0.2ms)[0m  [1m[34mSELECT pg_advisory_unlock(1834174786020545535)[0m
  [1m[36mActiveRecord::SchemaMigration Pluck (0.3ms)[0m  [1m[34mSELECT "schema_migrations"."version" FROM "schema_migrations" ORDER BY "schema_migrations"."version" ASC[0m
  [1m[36mDownloadRequestExecution Load (0.5ms)[0m  [1m[34mSELECT "download_request_executions".* FROM "download_request_executions"[0m
  [1m[36mTRANSACTION (0.1ms)[0m  [1m[35mBEGIN[0m
  [1m[36mDownloadRequest Create (1.4ms)[0m  [1m[32mINSERT INTO "download_requests" ("path", "created_at", "updated_at", "url") VALUES ($1, $2, $3, $4) RETURNING "id"[0m  [["path", nil], ["created_at", "2023-02-22 06:39:21.934882"], ["updated_at", "2023-02-22 06:39:21.934882"], ["url", "https://www.youtube.com/shorts/uItBmwWt8eo"]]
  [1m[36mTRANSACTION (1.5ms)[0m  [1m[35mCOMMIT[0m
  [1m[36mTRANSACTION (0.2ms)[0m  [1m[35mBEGIN[0m
  [1m[36mDownloadRequest Create (0.3ms)[0m  [1m[32mINSERT INTO "download_requests" ("path", "created_at", "updated_at", "url") VALUES ($1, $2, $3, $4) RETURNING "id"[0m  [["path", nil], ["created_at", "2023-02-22 06:39:59.979454"], ["updated_at", "2023-02-22 06:39:59.979454"], ["url", "https://www.youtube.com/shorts/uItBmwWt8eo"]]
  [1m[36mTRANSACTION (3.9ms)[0m  [1m[35mCOMMIT[0m
  [1m[36mTRANSACTION (0.1ms)[0m  [1m[35mBEGIN[0m
  [1m[36mDownloadRequest Create (0.3ms)[0m  [1m[32mINSERT INTO "download_requests" ("path", "created_at", "updated_at", "url") VALUES ($1, $2, $3, $4) RETURNING "id"[0m  [["path", nil], ["created_at", "2023-02-22 06:40:14.729879"], ["updated_at", "2023-02-22 06:40:14.729879"], ["url", "https://www.youtube.com/shorts/uItBmwWt8eo"]]
  [1m[36mTRANSACTION (8.7ms)[0m  [1m[35mCOMMIT[0m
  [1m[35m (0.2ms)[0m  [1m[34mSELECT pg_try_advisory_lock(1834174786020545535)[0m
  [1m[36mActiveRecord::SchemaMigration Pluck (0.5ms)[0m  [1m[34mSELECT "schema_migrations"."version" FROM "schema_migrations" ORDER BY "schema_migrations"."version" ASC[0m
Migrating to AddPathToDownloadRequests (20230222064122)
  [1m[36mTRANSACTION (0.1ms)[0m  [1m[35mBEGIN[0m
  [1m[35m (0.6ms)[0m  [1m[35mALTER TABLE "path" ADD "url" character varying[0m
  [1m[36mTRANSACTION (0.1ms)[0m  [1m[31mROLLBACK[0m
  [1m[35m (0.2ms)[0m  [1m[34mSELECT pg_advisory_unlock(1834174786020545535)[0m
  [1m[35m (0.1ms)[0m  [1m[34mSELECT pg_try_advisory_lock(1834174786020545535)[0m
  [1m[36mActiveRecord::SchemaMigration Pluck (0.3ms)[0m  [1m[34mSELECT "schema_migrations"."version" FROM "schema_migrations" ORDER BY "schema_migrations"."version" ASC[0m
Migrating to AddPathToDownloadRequests (20230222064122)
  [1m[36mTRANSACTION (0.1ms)[0m  [1m[35mBEGIN[0m
  [1m[35m (13.9ms)[0m  [1m[35mALTER TABLE "download_requests" ADD "path" character varying[0m
  [1m[36mTRANSACTION (0.1ms)[0m  [1m[31mROLLBACK[0m
  [1m[35m (0.2ms)[0m  [1m[34mSELECT pg_advisory_unlock(1834174786020545535)[0m
  [1m[35m (0.1ms)[0m  [1m[34mSELECT pg_try_advisory_lock(1834174786020545535)[0m
  [1m[36mActiveRecord::SchemaMigration Pluck (0.3ms)[0m  [1m[34mSELECT "schema_migrations"."version" FROM "schema_migrations" ORDER BY "schema_migrations"."version" ASC[0m
Migrating to AddPathToDownloadRequests (20230222064122)
  [1m[36mTRANSACTION (0.1ms)[0m  [1m[35mBEGIN[0m
  [1m[35m (0.4ms)[0m  [1m[35mALTER TABLE "download_requests" ADD "path" character varying[0m
  [1m[36mTRANSACTION (0.1ms)[0m  [1m[31mROLLBACK[0m
  [1m[35m (0.2ms)[0m  [1m[34mSELECT pg_advisory_unlock(1834174786020545535)[0m
  [1m[35m (0.1ms)[0m  [1m[34mSELECT pg_try_advisory_lock(1834174786020545535)[0m
  [1m[36mActiveRecord::SchemaMigration Pluck (0.3ms)[0m  [1m[34mSELECT "schema_migrations"."version" FROM "schema_migrations" ORDER BY "schema_migrations"."version" ASC[0m
  [1m[36mActiveRecord::InternalMetadata Load (0.6ms)[0m  [1m[34mSELECT "ar_internal_metadata".* FROM "ar_internal_metadata" WHERE "ar_internal_metadata"."key" = $1 LIMIT $2[0m  [["key", "environment"], ["LIMIT", 1]]
  [1m[35m (0.2ms)[0m  [1m[34mSELECT pg_advisory_unlock(1834174786020545535)[0m
  [1m[36mActiveRecord::SchemaMigration Pluck (0.3ms)[0m  [1m[34mSELECT "schema_migrations"."version" FROM "schema_migrations" ORDER BY "schema_migrations"."version" ASC[0m
  [1m[36mTRANSACTION (0.1ms)[0m  [1m[35mBEGIN[0m
  [1m[36mDownloadRequest Create (0.3ms)[0m  [1m[32mINSERT INTO "download_requests" ("path", "created_at", "updated_at", "url") VALUES ($1, $2, $3, $4) RETURNING "id"[0m  [["path", nil], ["created_at", "2023-02-22 07:03:35.416115"], ["updated_at", "2023-02-22 07:03:35.416115"], ["url", "https://www.youtube.com/shorts/uItBmwWt8eo"]]
  [1m[36mTRANSACTION (1.5ms)[0m  [1m[35mCOMMIT[0m
  [1m[36mDownloadRequest Load (0.2ms)[0m  [1m[34mSELECT "download_requests".* FROM "download_requests" WHERE "download_requests"."id" = $1 LIMIT $2[0m  [["id", 5], ["LIMIT", 1]]
  [1m[36mDownloadRequest Load (0.4ms)[0m  [1m[34mSELECT "download_requests".* FROM "download_requests" WHERE "download_requests"."id" = $1 LIMIT $2[0m  [["id", 5], ["LIMIT", 1]]
  [1m[36mDownloadRequest Load (0.4ms)[0m  [1m[34mSELECT "download_requests".* FROM "download_requests" WHERE "download_requests"."id" = $1 LIMIT $2[0m  [["id", 5], ["LIMIT", 1]]
  [1m[36mDownloadRequest Load (0.2ms)[0m  [1m[34mSELECT "download_requests".* FROM "download_requests" WHERE "download_requests"."id" = $1 LIMIT $2[0m  [["id", 5], ["LIMIT", 1]]
  [1m[36mTRANSACTION (0.1ms)[0m  [1m[35mBEGIN[0m
  [1m[36mDownloadRequest Create (0.3ms)[0m  [1m[32mINSERT INTO "download_requests" ("path", "created_at", "updated_at", "url") VALUES ($1, $2, $3, $4) RETURNING "id"[0m  [["path", "/mnt/d/dl/b3aa3d64-95db-4f62-bffe-635dfe2496db"], ["created_at", "2023-02-22 07:32:59.468528"], ["updated_at", "2023-02-22 07:32:59.468528"], ["url", "https://www.youtube.com/shorts/uItBmwWt8eo"]]
  [1m[36mTRANSACTION (3.4ms)[0m  [1m[35mCOMMIT[0m
  [1m[36mDownloadRequest Load (0.2ms)[0m  [1m[34mSELECT "download_requests".* FROM "download_requests" WHERE "download_requests"."id" = $1 LIMIT $2[0m  [["id", 6], ["LIMIT", 1]]
  [1m[36mTRANSACTION (0.3ms)[0m  [1m[35mBEGIN[0m
  [1m[36mDownloadRequest Create (0.4ms)[0m  [1m[32mINSERT INTO "download_requests" ("path", "created_at", "updated_at", "url") VALUES ($1, $2, $3, $4) RETURNING "id"[0m  [["path", "/mnt/d/dl/f4277cc1-c270-403c-8d53-1bb72c11a098"], ["created_at", "2023-02-22 07:34:19.923385"], ["updated_at", "2023-02-22 07:34:19.923385"], ["url", "https://www.youtube.com/shorts/uItBmwWt8eo"]]
  [1m[36mTRANSACTION (1.9ms)[0m  [1m[35mCOMMIT[0m
  [1m[36mDownloadRequest Load (0.2ms)[0m  [1m[34mSELECT "download_requests".* FROM "download_requests" WHERE "download_requests"."id" = $1 LIMIT $2[0m  [["id", 7], ["LIMIT", 1]]
  [1m[36mTRANSACTION (0.1ms)[0m  [1m[35mBEGIN[0m
  [1m[36mDownloadRequest Create (0.2ms)[0m  [1m[32mINSERT INTO "download_requests" ("path", "created_at", "updated_at", "url") VALUES ($1, $2, $3, $4) RETURNING "id"[0m  [["path", "/mnt/d/dl/4f80cc84-af58-46f0-901f-d81fa7ddeb5a"], ["created_at", "2023-02-22 07:37:45.096202"], ["updated_at", "2023-02-22 07:37:45.096202"], ["url", "https://www.youtube.com/shorts/uItBmwWt8eo"]]
  [1m[36mTRANSACTION (1.4ms)[0m  [1m[35mCOMMIT[0m
  [1m[36mDownloadRequest Load (0.4ms)[0m  [1m[34mSELECT "download_requests".* FROM "download_requests" WHERE "download_requests"."id" = $1 LIMIT $2[0m  [["id", 8], ["LIMIT", 1]]
  [1m[36mTRANSACTION (0.1ms)[0m  [1m[35mBEGIN[0m
  [1m[36mDownloadRequest Create (0.5ms)[0m  [1m[32mINSERT INTO "download_requests" ("path", "created_at", "updated_at", "url") VALUES ($1, $2, $3, $4) RETURNING "id"[0m  [["path", "/mnt/d/dl/fea6280c-9b33-42f6-b0ca-a9a89d374586"], ["created_at", "2023-02-22 07:41:09.566464"], ["updated_at", "2023-02-22 07:41:09.566464"], ["url", "https://www.youtube.com/shorts/uItBmwWt8eo"]]
  [1m[36mTRANSACTION (15.7ms)[0m  [1m[35mCOMMIT[0m
  [1m[36mDownloadRequest Load (0.4ms)[0m  [1m[34mSELECT "download_requests".* FROM "download_requests" WHERE "download_requests"."id" = $1 LIMIT $2[0m  [["id", 9], ["LIMIT", 1]]
  [1m[36mTRANSACTION (0.1ms)[0m  [1m[35mBEGIN[0m
  [1m[36mDownloadRequest Create (0.2ms)[0m  [1m[32mINSERT INTO "download_requests" ("path", "created_at", "updated_at", "url") VALUES ($1, $2, $3, $4) RETURNING "id"[0m  [["path", "/mnt/d/dl/801ded4f-b9c1-46c9-b4de-a4a750ca9d66"], ["created_at", "2023-02-22 07:42:17.208649"], ["updated_at", "2023-02-22 07:42:17.208649"], ["url", "https://www.youtube.com/shorts/uItBmwWt8eo"]]
  [1m[36mTRANSACTION (10.0ms)[0m  [1m[35mCOMMIT[0m
  [1m[36mDownloadRequest Load (0.3ms)[0m  [1m[34mSELECT "download_requests".* FROM "download_requests" WHERE "download_requests"."id" = $1 LIMIT $2[0m  [["id", 10], ["LIMIT", 1]]
  [1m[36mTRANSACTION (0.1ms)[0m  [1m[35mBEGIN[0m
  [1m[36mDownloadRequest Create (0.2ms)[0m  [1m[32mINSERT INTO "download_requests" ("path", "created_at", "updated_at", "url") VALUES ($1, $2, $3, $4) RETURNING "id"[0m  [["path", "/mnt/d/dl/86654bdb-42a2-4bf7-bdb3-1e79122dddae"], ["created_at", "2023-02-22 07:43:30.009196"], ["updated_at", "2023-02-22 07:43:30.009196"], ["url", "https://www.youtube.com/shorts/uItBmwWt8eo"]]
  [1m[36mTRANSACTION (9.7ms)[0m  [1m[35mCOMMIT[0m
  [1m[36mDownloadRequest Load (0.3ms)[0m  [1m[34mSELECT "download_requests".* FROM "download_requests" WHERE "download_requests"."id" = $1 LIMIT $2[0m  [["id", 11], ["LIMIT", 1]]
  [1m[36mTRANSACTION (0.1ms)[0m  [1m[35mBEGIN[0m
  [1m[36mDownloadRequest Create (0.2ms)[0m  [1m[32mINSERT INTO "download_requests" ("path", "created_at", "updated_at", "url") VALUES ($1, $2, $3, $4) RETURNING "id"[0m  [["path", "/mnt/d/dl/f1dd0fea-5faa-4a4f-884b-13f410cc4399"], ["created_at", "2023-02-22 07:44:29.768836"], ["updated_at", "2023-02-22 07:44:29.768836"], ["url", "https://www.youtube.com/shorts/uItBmwWt8eo"]]
  [1m[36mTRANSACTION (10.0ms)[0m  [1m[35mCOMMIT[0m
  [1m[36mDownloadRequest Load (0.3ms)[0m  [1m[34mSELECT "download_requests".* FROM "download_requests" WHERE "download_requests"."id" = $1 LIMIT $2[0m  [["id", 12], ["LIMIT", 1]]
  [1m[36mTRANSACTION (0.1ms)[0m  [1m[35mBEGIN[0m
  [1m[36mDownloadRequest Create (0.2ms)[0m  [1m[32mINSERT INTO "download_requests" ("path", "created_at", "updated_at", "url") VALUES ($1, $2, $3, $4) RETURNING "id"[0m  [["path", "/mnt/d/dl/17855871-0fe3-4545-b9ff-24e5e6e3cff6"], ["created_at", "2023-02-22 07:45:22.665167"], ["updated_at", "2023-02-22 07:45:22.665167"], ["url", "https://www.youtube.com/shorts/uItBmwWt8eo"]]
  [1m[36mTRANSACTION (9.7ms)[0m  [1m[35mCOMMIT[0m
  [1m[36mDownloadRequest Load (0.3ms)[0m  [1m[34mSELECT "download_requests".* FROM "download_requests" WHERE "download_requests"."id" = $1 LIMIT $2[0m  [["id", 13], ["LIMIT", 1]]
  [1m[36mTRANSACTION (0.2ms)[0m  [1m[35mBEGIN[0m
  [1m[36mDownloadRequest Create (0.3ms)[0m  [1m[32mINSERT INTO "download_requests" ("path", "created_at", "updated_at", "url") VALUES ($1, $2, $3, $4) RETURNING "id"[0m  [["path", "/mnt/d/dl/19004b1b-0c24-4765-829e-a29fb9c66cda"], ["created_at", "2023-02-22 07:46:12.077915"], ["updated_at", "2023-02-22 07:46:12.077915"], ["url", "https://www.youtube.com/shorts/uItBmwWt8eo"]]
  [1m[36mTRANSACTION (16.1ms)[0m  [1m[35mCOMMIT[0m
  [1m[36mDownloadRequest Load (0.3ms)[0m  [1m[34mSELECT "download_requests".* FROM "download_requests" WHERE "download_requests"."id" = $1 LIMIT $2[0m  [["id", 14], ["LIMIT", 1]]
  [1m[36mTRANSACTION (0.1ms)[0m  [1m[35mBEGIN[0m
  [1m[36mDownloadRequest Create (0.2ms)[0m  [1m[32mINSERT INTO "download_requests" ("path", "created_at", "updated_at", "url") VALUES ($1, $2, $3, $4) RETURNING "id"[0m  [["path", "/mnt/d/dl/3f10e3a5-e276-4d35-8193-6a8b2dd5f748"], ["created_at", "2023-02-22 07:46:28.368244"], ["updated_at", "2023-02-22 07:46:28.368244"], ["url", "https://www.youtube.com/shorts/uItBmwWt8eo"]]
  [1m[36mTRANSACTION (9.6ms)[0m  [1m[35mCOMMIT[0m
  [1m[36mDownloadRequest Load (0.3ms)[0m  [1m[34mSELECT "download_requests".* FROM "download_requests" WHERE "download_requests"."id" = $1 LIMIT $2[0m  [["id", 15], ["LIMIT", 1]]
  [1m[36mTRANSACTION (0.1ms)[0m  [1m[35mBEGIN[0m
  [1m[36mDownloadRequest Create (0.3ms)[0m  [1m[32mINSERT INTO "download_requests" ("path", "created_at", "updated_at", "url") VALUES ($1, $2, $3, $4) RETURNING "id"[0m  [["path", "/mnt/d/dl/7e7a12ca-fa01-4df3-a2ae-c1ce568c5aab"], ["created_at", "2023-02-22 07:46:58.693244"], ["updated_at", "2023-02-22 07:46:58.693244"], ["url", "https://www.youtube.com/shorts/uItBmwWt8eo"]]
  [1m[36mTRANSACTION (9.1ms)[0m  [1m[35mCOMMIT[0m
  [1m[36mDownloadRequest Load (0.3ms)[0m  [1m[34mSELECT "download_requests".* FROM "download_requests" WHERE "download_requests"."id" = $1 LIMIT $2[0m  [["id", 16], ["LIMIT", 1]]
  [1m[36mTRANSACTION (0.1ms)[0m  [1m[35mBEGIN[0m
  [1m[36mDownloadRequest Create (0.2ms)[0m  [1m[32mINSERT INTO "download_requests" ("path", "created_at", "updated_at", "url") VALUES ($1, $2, $3, $4) RETURNING "id"[0m  [["path", "/mnt/d/dl/543b1e90-d331-4260-9abc-7807a711281c"], ["created_at", "2023-02-22 07:52:55.511580"], ["updated_at", "2023-02-22 07:52:55.511580"], ["url", "https://www.youtube.com/shorts/uItBmwWt8eo"]]
  [1m[36mTRANSACTION (7.8ms)[0m  [1m[35mCOMMIT[0m
  [1m[36mDownloadRequest Load (0.3ms)[0m  [1m[34mSELECT "download_requests".* FROM "download_requests" WHERE "download_requests"."id" = $1 LIMIT $2[0m  [["id", 17], ["LIMIT", 1]]
  [1m[36mTRANSACTION (0.3ms)[0m  [1m[35mBEGIN[0m
  [1m[36mDownloadRequest Create (0.3ms)[0m  [1m[32mINSERT INTO "download_requests" ("path", "created_at", "updated_at", "url") VALUES ($1, $2, $3, $4) RETURNING "id"[0m  [["path", "/mnt/d/dl/bf7d05aa-a165-40b8-a0c6-4596218a6a73"], ["created_at", "2023-02-22 07:55:01.149656"], ["updated_at", "2023-02-22 07:55:01.149656"], ["url", "https://www.youtube.com/shorts/uItBmwWt8eo"]]
  [1m[36mTRANSACTION (1.8ms)[0m  [1m[35mCOMMIT[0m
  [1m[36mDownloadRequest Load (0.3ms)[0m  [1m[34mSELECT "download_requests".* FROM "download_requests" WHERE "download_requests"."id" = $1 LIMIT $2[0m  [["id", 18], ["LIMIT", 1]]
  [1m[36mTRANSACTION (0.1ms)[0m  [1m[35mBEGIN[0m
  [1m[36mDownloadRequest Create (0.2ms)[0m  [1m[32mINSERT INTO "download_requests" ("path", "created_at", "updated_at", "url") VALUES ($1, $2, $3, $4) RETURNING "id"[0m  [["path", "/mnt/d/dl/57119385-6af0-4fb7-8b31-0683673d0f92"], ["created_at", "2023-02-22 07:55:32.973387"], ["updated_at", "2023-02-22 07:55:32.973387"], ["url", "https://www.youtube.com/shorts/uItBmwWt8eo"]]
  [1m[36mTRANSACTION (9.3ms)[0m  [1m[35mCOMMIT[0m
  [1m[36mTRANSACTION (0.2ms)[0m  [1m[35mBEGIN[0m
  [1m[36mDownloadRequest Create (0.3ms)[0m  [1m[32mINSERT INTO "download_requests" ("path", "created_at", "updated_at", "url") VALUES ($1, $2, $3, $4) RETURNING "id"[0m  [["path", "/mnt/d/dl/02ca00e1-fef6-4d08-9786-293bf94d227c"], ["created_at", "2023-02-22 08:06:10.138022"], ["updated_at", "2023-02-22 08:06:10.138022"], ["url", "https://www.youtube.com/shorts/uItBmwWt8eo"]]
  [1m[36mTRANSACTION (4.0ms)[0m  [1m[35mCOMMIT[0m
  [1m[36mTRANSACTION (0.1ms)[0m  [1m[35mBEGIN[0m
  [1m[36mDownloadRequest Create (0.3ms)[0m  [1m[32mINSERT INTO "download_requests" ("path", "created_at", "updated_at", "url") VALUES ($1, $2, $3, $4) RETURNING "id"[0m  [["path", "/mnt/d/dl/2651595b-f2f0-4abd-bd18-9294261dd191"], ["created_at", "2023-02-22 08:06:40.848969"], ["updated_at", "2023-02-22 08:06:40.848969"], ["url", "https://www.youtube.com/shorts/uItBmwWt8eo"]]
  [1m[36mTRANSACTION (1.6ms)[0m  [1m[35mCOMMIT[0m
  [1m[36mDownloadRequest Load (0.3ms)[0m  [1m[34mSELECT "download_requests".* FROM "download_requests" WHERE "download_requests"."id" = $1 LIMIT $2[0m  [["id", 21], ["LIMIT", 1]]
  [1m[36mTRANSACTION (0.1ms)[0m  [1m[35mBEGIN[0m
  [1m[36mDownloadRequest Create (0.3ms)[0m  [1m[32mINSERT INTO "download_requests" ("path", "created_at", "updated_at", "url") VALUES ($1, $2, $3, $4) RETURNING "id"[0m  [["path", "/mnt/d/dl/f51b4b24-2624-4d65-ba17-af8e0c433f24"], ["created_at", "2023-02-22 08:07:50.238507"], ["updated_at", "2023-02-22 08:07:50.238507"], ["url", "https://www.youtube.com/shorts/uItBmwWt8eo"]]
  [1m[36mTRANSACTION (1.5ms)[0m  [1m[35mCOMMIT[0m
  [1m[36mDownloadRequest Load (0.2ms)[0m  [1m[34mSELECT "download_requests".* FROM "download_requests" WHERE "download_requests"."id" = $1 LIMIT $2[0m  [["id", 22], ["LIMIT", 1]]
  [1m[36mTRANSACTION (0.2ms)[0m  [1m[35mBEGIN[0m
  [1m[36mDownloadRequest Create (0.3ms)[0m  [1m[32mINSERT INTO "download_requests" ("path", "created_at", "updated_at", "url") VALUES ($1, $2, $3, $4) RETURNING "id"[0m  [["path", "/mnt/d/dl/d22e14b2-6a7e-4264-98d7-6c77169f49dc"], ["created_at", "2023-02-22 08:08:39.199987"], ["updated_at", "2023-02-22 08:08:39.199987"], ["url", "https://www.youtube.com/shorts/uItBmwWt8eo"]]
  [1m[36mTRANSACTION (1.8ms)[0m  [1m[35mCOMMIT[0m
  [1m[36mDownloadRequest Load (0.2ms)[0m  [1m[34mSELECT "download_requests".* FROM "download_requests" WHERE "download_requests"."id" = $1 LIMIT $2[0m  [["id", 23], ["LIMIT", 1]]
